2013/11/16 14:11:10 [error] [php] date(): It is not safe to rely on the system's timezone settings. You are *required* to use the date.timezone setting or the date_default_timezone_set() function. In case you used any of those methods and you are still getting this warning, you most likely misspelled the timezone identifier. We selected the timezone 'UTC' for now, but please set date.timezone to select your timezone. (/Users/tobias/Code/phpmysql/Uebungen/Uebung 10/trackstar/protected/views/layouts/main.php:51)
Stack trace:
#0 /Users/tobias/Code/phpmysql/yii/framework/web/CBaseController.php(95): SiteController->renderInternal()
#1 /Users/tobias/Code/phpmysql/yii/framework/web/widgets/CContentDecorator.php(76): SiteController->renderFile()
#2 /Users/tobias/Code/phpmysql/yii/framework/web/widgets/CContentDecorator.php(54): CContentDecorator->decorate()
#3 /Users/tobias/Code/phpmysql/yii/framework/web/widgets/COutputProcessor.php(44): CContentDecorator->processOutput()
#4 /Users/tobias/Code/phpmysql/yii/framework/web/CBaseController.php(206): CContentDecorator->run()
#5 /Users/tobias/Code/phpmysql/yii/framework/web/CBaseController.php(300): SiteController->endWidget()
#6 /Users/tobias/Code/phpmysql/Uebungen/Uebung 10/trackstar/protected/views/layouts/column1.php(6): SiteController->endContent()
#7 /Users/tobias/Code/phpmysql/yii/framework/web/CBaseController.php(126): require()
#8 /Users/tobias/Code/phpmysql/yii/framework/web/CBaseController.php(95): SiteController->renderInternal()
#9 /Users/tobias/Code/phpmysql/yii/framework/web/CController.php(784): SiteController->renderFile()
#10 /Users/tobias/Code/phpmysql/Uebungen/Uebung 10/trackstar/protected/controllers/SiteController.php(32): SiteController->render()
#11 /Users/tobias/Code/phpmysql/yii/framework/web/actions/CInlineAction.php(49): SiteController->actionIndex()
#12 /Users/tobias/Code/phpmysql/yii/framework/web/CController.php(308): CInlineAction->runWithParams()
#13 /Users/tobias/Code/phpmysql/yii/framework/web/CController.php(286): SiteController->runAction()
#14 /Users/tobias/Code/phpmysql/yii/framework/web/CController.php(265): SiteController->runActionWithFilters()
#15 /Users/tobias/Code/phpmysql/yii/framework/web/CWebApplication.php(282): SiteController->run()
#16 /Users/tobias/Code/phpmysql/yii/framework/web/CWebApplication.php(141): CWebApplication->runController()
#17 /Users/tobias/Code/phpmysql/yii/framework/base/CApplication.php(180): CWebApplication->processRequest()
#18 /Users/tobias/Code/phpmysql/Uebungen/Uebung 10/trackstar/index.php(13): CWebApplication->run()
#19 /Users/tobias/Code/phpmysql/yii/framework/cli/commands/ShellCommand.php(78): require()
#20 /Users/tobias/Code/phpmysql/yii/framework/console/CConsoleCommandRunner.php(71): ShellCommand->run()
#21 /Users/tobias/Code/phpmysql/yii/framework/console/CConsoleApplication.php(92): CConsoleCommandRunner->run()
#22 /Users/tobias/Code/phpmysql/yii/framework/base/CApplication.php(180): CConsoleApplication->processRequest()
#23 /Users/tobias/Code/phpmysql/yii/framework/yiic.php(33): CConsoleApplication->run()
#24 /Users/tobias/Code/phpmysql/Uebungen/Uebung 10/trackstar/protected/yiic.php(7): require_once()
#25 /Users/tobias/Code/phpmysql/Uebungen/Uebung 10/trackstar/protected/yiic(4): require_once()
REQUEST_URI=/index.php
2013/11/16 14:11:10 [error] [php] date(): It is not safe to rely on the system's timezone settings. You are *required* to use the date.timezone setting or the date_default_timezone_set() function. In case you used any of those methods and you are still getting this warning, you most likely misspelled the timezone identifier. We selected the timezone 'UTC' for now, but please set date.timezone to select your timezone. (/Users/tobias/Code/phpmysql/Uebungen/Uebung 10/trackstar/protected/views/layouts/main.php:51)
Stack trace:
#0 /Users/tobias/Code/phpmysql/yii/framework/web/CBaseController.php(95): SiteController->renderInternal()
#1 /Users/tobias/Code/phpmysql/yii/framework/web/widgets/CContentDecorator.php(76): SiteController->renderFile()
#2 /Users/tobias/Code/phpmysql/yii/framework/web/widgets/CContentDecorator.php(54): CContentDecorator->decorate()
#3 /Users/tobias/Code/phpmysql/yii/framework/web/widgets/COutputProcessor.php(44): CContentDecorator->processOutput()
#4 /Users/tobias/Code/phpmysql/yii/framework/web/CBaseController.php(206): CContentDecorator->run()
#5 /Users/tobias/Code/phpmysql/yii/framework/web/CBaseController.php(300): SiteController->endWidget()
#6 /Users/tobias/Code/phpmysql/Uebungen/Uebung 10/trackstar/protected/views/layouts/column1.php(6): SiteController->endContent()
#7 /Users/tobias/Code/phpmysql/yii/framework/web/CBaseController.php(126): require()
#8 /Users/tobias/Code/phpmysql/yii/framework/web/CBaseController.php(95): SiteController->renderInternal()
#9 /Users/tobias/Code/phpmysql/yii/framework/web/CController.php(784): SiteController->renderFile()
#10 /Users/tobias/Code/phpmysql/Uebungen/Uebung 10/trackstar/protected/controllers/SiteController.php(32): SiteController->render()
#11 /Users/tobias/Code/phpmysql/yii/framework/web/actions/CInlineAction.php(49): SiteController->actionIndex()
#12 /Users/tobias/Code/phpmysql/yii/framework/web/CController.php(308): CInlineAction->runWithParams()
#13 /Users/tobias/Code/phpmysql/yii/framework/web/CController.php(286): SiteController->runAction()
#14 /Users/tobias/Code/phpmysql/yii/framework/web/CController.php(265): SiteController->runActionWithFilters()
#15 /Users/tobias/Code/phpmysql/yii/framework/web/CWebApplication.php(282): SiteController->run()
#16 /Users/tobias/Code/phpmysql/yii/framework/web/CWebApplication.php(141): CWebApplication->runController()
#17 /Users/tobias/Code/phpmysql/yii/framework/base/CApplication.php(180): CWebApplication->processRequest()
#18 /Users/tobias/Code/phpmysql/Uebungen/Uebung 10/trackstar/index.php(13): CWebApplication->run()
#19 /Users/tobias/Code/phpmysql/yii/framework/cli/commands/ShellCommand.php(78): require()
#20 /Users/tobias/Code/phpmysql/yii/framework/console/CConsoleCommandRunner.php(71): ShellCommand->run()
#21 /Users/tobias/Code/phpmysql/yii/framework/console/CConsoleApplication.php(92): CConsoleCommandRunner->run()
#22 /Users/tobias/Code/phpmysql/yii/framework/base/CApplication.php(180): CConsoleApplication->processRequest()
#23 /Users/tobias/Code/phpmysql/yii/framework/yiic.php(33): CConsoleApplication->run()
#24 /Users/tobias/Code/phpmysql/Uebungen/Uebung 10/trackstar/protected/yiic.php(7): require_once()
#25 /Users/tobias/Code/phpmysql/Uebungen/Uebung 10/trackstar/protected/yiic(4): require_once()
REQUEST_URI=/index.php
2013/11/16 14:13:01 [error] [php] date(): It is not safe to rely on the system's timezone settings. You are *required* to use the date.timezone setting or the date_default_timezone_set() function. In case you used any of those methods and you are still getting this warning, you most likely misspelled the timezone identifier. We selected the timezone 'UTC' for now, but please set date.timezone to select your timezone. (/Users/tobias/Code/phpmysql/Uebungen/Uebung 10/trackstar/protected/views/layouts/main.php:51)
Stack trace:
#0 /Users/tobias/Code/phpmysql/yii/framework/web/CBaseController.php(95): SiteController->renderInternal()
#1 /Users/tobias/Code/phpmysql/yii/framework/web/widgets/CContentDecorator.php(76): SiteController->renderFile()
#2 /Users/tobias/Code/phpmysql/yii/framework/web/widgets/CContentDecorator.php(54): CContentDecorator->decorate()
#3 /Users/tobias/Code/phpmysql/yii/framework/web/widgets/COutputProcessor.php(44): CContentDecorator->processOutput()
#4 /Users/tobias/Code/phpmysql/yii/framework/web/CBaseController.php(206): CContentDecorator->run()
#5 /Users/tobias/Code/phpmysql/yii/framework/web/CBaseController.php(300): SiteController->endWidget()
#6 /Users/tobias/Code/phpmysql/Uebungen/Uebung 10/trackstar/protected/views/layouts/column1.php(6): SiteController->endContent()
#7 /Users/tobias/Code/phpmysql/yii/framework/web/CBaseController.php(126): require()
#8 /Users/tobias/Code/phpmysql/yii/framework/web/CBaseController.php(95): SiteController->renderInternal()
#9 /Users/tobias/Code/phpmysql/yii/framework/web/CController.php(784): SiteController->renderFile()
#10 /Users/tobias/Code/phpmysql/Uebungen/Uebung 10/trackstar/protected/controllers/SiteController.php(32): SiteController->render()
#11 /Users/tobias/Code/phpmysql/yii/framework/web/actions/CInlineAction.php(49): SiteController->actionIndex()
#12 /Users/tobias/Code/phpmysql/yii/framework/web/CController.php(308): CInlineAction->runWithParams()
#13 /Users/tobias/Code/phpmysql/yii/framework/web/CController.php(286): SiteController->runAction()
#14 /Users/tobias/Code/phpmysql/yii/framework/web/CController.php(265): SiteController->runActionWithFilters()
#15 /Users/tobias/Code/phpmysql/yii/framework/web/CWebApplication.php(282): SiteController->run()
#16 /Users/tobias/Code/phpmysql/yii/framework/web/CWebApplication.php(141): CWebApplication->runController()
#17 /Users/tobias/Code/phpmysql/yii/framework/base/CApplication.php(180): CWebApplication->processRequest()
#18 /Users/tobias/Code/phpmysql/Uebungen/Uebung 10/trackstar/index.php(13): CWebApplication->run()
#19 /Users/tobias/Code/phpmysql/yii/framework/cli/commands/ShellCommand.php(78): require()
#20 /Users/tobias/Code/phpmysql/yii/framework/console/CConsoleCommandRunner.php(71): ShellCommand->run()
#21 /Users/tobias/Code/phpmysql/yii/framework/console/CConsoleApplication.php(92): CConsoleCommandRunner->run()
#22 /Users/tobias/Code/phpmysql/yii/framework/base/CApplication.php(180): CConsoleApplication->processRequest()
#23 /Users/tobias/Code/phpmysql/yii/framework/yiic.php(33): CConsoleApplication->run()
#24 /Users/tobias/Code/phpmysql/Uebungen/Uebung 10/trackstar/protected/yiic.php(7): require_once()
#25 /Users/tobias/Code/phpmysql/Uebungen/Uebung 10/trackstar/protected/yiic(4): require_once()
REQUEST_URI=/index.php
2013/11/16 14:13:01 [error] [php] date(): It is not safe to rely on the system's timezone settings. You are *required* to use the date.timezone setting or the date_default_timezone_set() function. In case you used any of those methods and you are still getting this warning, you most likely misspelled the timezone identifier. We selected the timezone 'UTC' for now, but please set date.timezone to select your timezone. (/Users/tobias/Code/phpmysql/Uebungen/Uebung 10/trackstar/protected/views/layouts/main.php:51)
Stack trace:
#0 /Users/tobias/Code/phpmysql/yii/framework/web/CBaseController.php(95): SiteController->renderInternal()
#1 /Users/tobias/Code/phpmysql/yii/framework/web/widgets/CContentDecorator.php(76): SiteController->renderFile()
#2 /Users/tobias/Code/phpmysql/yii/framework/web/widgets/CContentDecorator.php(54): CContentDecorator->decorate()
#3 /Users/tobias/Code/phpmysql/yii/framework/web/widgets/COutputProcessor.php(44): CContentDecorator->processOutput()
#4 /Users/tobias/Code/phpmysql/yii/framework/web/CBaseController.php(206): CContentDecorator->run()
#5 /Users/tobias/Code/phpmysql/yii/framework/web/CBaseController.php(300): SiteController->endWidget()
#6 /Users/tobias/Code/phpmysql/Uebungen/Uebung 10/trackstar/protected/views/layouts/column1.php(6): SiteController->endContent()
#7 /Users/tobias/Code/phpmysql/yii/framework/web/CBaseController.php(126): require()
#8 /Users/tobias/Code/phpmysql/yii/framework/web/CBaseController.php(95): SiteController->renderInternal()
#9 /Users/tobias/Code/phpmysql/yii/framework/web/CController.php(784): SiteController->renderFile()
#10 /Users/tobias/Code/phpmysql/Uebungen/Uebung 10/trackstar/protected/controllers/SiteController.php(32): SiteController->render()
#11 /Users/tobias/Code/phpmysql/yii/framework/web/actions/CInlineAction.php(49): SiteController->actionIndex()
#12 /Users/tobias/Code/phpmysql/yii/framework/web/CController.php(308): CInlineAction->runWithParams()
#13 /Users/tobias/Code/phpmysql/yii/framework/web/CController.php(286): SiteController->runAction()
#14 /Users/tobias/Code/phpmysql/yii/framework/web/CController.php(265): SiteController->runActionWithFilters()
#15 /Users/tobias/Code/phpmysql/yii/framework/web/CWebApplication.php(282): SiteController->run()
#16 /Users/tobias/Code/phpmysql/yii/framework/web/CWebApplication.php(141): CWebApplication->runController()
#17 /Users/tobias/Code/phpmysql/yii/framework/base/CApplication.php(180): CWebApplication->processRequest()
#18 /Users/tobias/Code/phpmysql/Uebungen/Uebung 10/trackstar/index.php(13): CWebApplication->run()
#19 /Users/tobias/Code/phpmysql/yii/framework/cli/commands/ShellCommand.php(78): require()
#20 /Users/tobias/Code/phpmysql/yii/framework/console/CConsoleCommandRunner.php(71): ShellCommand->run()
#21 /Users/tobias/Code/phpmysql/yii/framework/console/CConsoleApplication.php(92): CConsoleCommandRunner->run()
#22 /Users/tobias/Code/phpmysql/yii/framework/base/CApplication.php(180): CConsoleApplication->processRequest()
#23 /Users/tobias/Code/phpmysql/yii/framework/yiic.php(33): CConsoleApplication->run()
#24 /Users/tobias/Code/phpmysql/Uebungen/Uebung 10/trackstar/protected/yiic.php(7): require_once()
#25 /Users/tobias/Code/phpmysql/Uebungen/Uebung 10/trackstar/protected/yiic(4): require_once()
REQUEST_URI=/index.php
2013/11/16 14:13:48 [error] [php] date(): It is not safe to rely on the system's timezone settings. You are *required* to use the date.timezone setting or the date_default_timezone_set() function. In case you used any of those methods and you are still getting this warning, you most likely misspelled the timezone identifier. We selected the timezone 'UTC' for now, but please set date.timezone to select your timezone. (/Users/tobias/Code/phpmysql/Uebungen/Uebung 10/trackstar/protected/views/layouts/main.php:51)
Stack trace:
#0 /Users/tobias/Code/phpmysql/yii/framework/web/CBaseController.php(95): SiteController->renderInternal()
#1 /Users/tobias/Code/phpmysql/yii/framework/web/widgets/CContentDecorator.php(76): SiteController->renderFile()
#2 /Users/tobias/Code/phpmysql/yii/framework/web/widgets/CContentDecorator.php(54): CContentDecorator->decorate()
#3 /Users/tobias/Code/phpmysql/yii/framework/web/widgets/COutputProcessor.php(44): CContentDecorator->processOutput()
#4 /Users/tobias/Code/phpmysql/yii/framework/web/CBaseController.php(206): CContentDecorator->run()
#5 /Users/tobias/Code/phpmysql/yii/framework/web/CBaseController.php(300): SiteController->endWidget()
#6 /Users/tobias/Code/phpmysql/Uebungen/Uebung 10/trackstar/protected/views/layouts/column1.php(6): SiteController->endContent()
#7 /Users/tobias/Code/phpmysql/yii/framework/web/CBaseController.php(126): require()
#8 /Users/tobias/Code/phpmysql/yii/framework/web/CBaseController.php(95): SiteController->renderInternal()
#9 /Users/tobias/Code/phpmysql/yii/framework/web/CController.php(784): SiteController->renderFile()
#10 /Users/tobias/Code/phpmysql/Uebungen/Uebung 10/trackstar/protected/controllers/SiteController.php(32): SiteController->render()
#11 /Users/tobias/Code/phpmysql/yii/framework/web/actions/CInlineAction.php(49): SiteController->actionIndex()
#12 /Users/tobias/Code/phpmysql/yii/framework/web/CController.php(308): CInlineAction->runWithParams()
#13 /Users/tobias/Code/phpmysql/yii/framework/web/CController.php(286): SiteController->runAction()
#14 /Users/tobias/Code/phpmysql/yii/framework/web/CController.php(265): SiteController->runActionWithFilters()
#15 /Users/tobias/Code/phpmysql/yii/framework/web/CWebApplication.php(282): SiteController->run()
#16 /Users/tobias/Code/phpmysql/yii/framework/web/CWebApplication.php(141): CWebApplication->runController()
#17 /Users/tobias/Code/phpmysql/yii/framework/base/CApplication.php(180): CWebApplication->processRequest()
#18 /Users/tobias/Code/phpmysql/Uebungen/Uebung 10/trackstar/index.php(13): CWebApplication->run()
#19 /Users/tobias/Code/phpmysql/yii/framework/cli/commands/ShellCommand.php(78): require()
#20 /Users/tobias/Code/phpmysql/yii/framework/console/CConsoleCommandRunner.php(71): ShellCommand->run()
#21 /Users/tobias/Code/phpmysql/yii/framework/console/CConsoleApplication.php(92): CConsoleCommandRunner->run()
#22 /Users/tobias/Code/phpmysql/yii/framework/base/CApplication.php(180): CConsoleApplication->processRequest()
#23 /Users/tobias/Code/phpmysql/yii/framework/yiic.php(33): CConsoleApplication->run()
#24 /Users/tobias/Code/phpmysql/yii/framework/yiic(14): require_once()
REQUEST_URI=/index.php
2013/11/18 13:29:43 [error] [system.db.CDbCommand] Error in preparing SQL: CREATE TABLE 'tbl_project' (
	"id" integer PRIMARY KEY AUTOINCREMENT NOT NULL,
	"name" varchar(255) NOT NULL,
	"description" text NOT NULL,
	"create_time" datetime DEFAULT NULL,
	"create_user_id" int(11) DEFAULT NULL,
	"update_time" datetime DEFAULT NULL,
	"update_user_id" int(11) DEFAULT NULL
) ENGINE=InnoDB
2013/11/18 13:29:43 [error] [system.db.CDbCommand] CDbCommand::execute() failed: CDbCommand failed to prepare the SQL statement: SQLSTATE[HY000]: General error: 1 near "ENGINE": syntax error. The SQL statement executed was: CREATE TABLE 'tbl_project' (
	"id" integer PRIMARY KEY AUTOINCREMENT NOT NULL,
	"name" varchar(255) NOT NULL,
	"description" text NOT NULL,
	"create_time" datetime DEFAULT NULL,
	"create_user_id" int(11) DEFAULT NULL,
	"update_time" datetime DEFAULT NULL,
	"update_user_id" int(11) DEFAULT NULL
) ENGINE=InnoDB.
2013/11/18 13:29:43 [error] [exception.CDbException] exception 'CDbException' with message 'CDbCommand failed to execute the SQL statement: CDbCommand failed to prepare the SQL statement: SQLSTATE[HY000]: General error: 1 near "ENGINE": syntax error. The SQL statement executed was: CREATE TABLE 'tbl_project' (
	"id" integer PRIMARY KEY AUTOINCREMENT NOT NULL,
	"name" varchar(255) NOT NULL,
	"description" text NOT NULL,
	"create_time" datetime DEFAULT NULL,
	"create_user_id" int(11) DEFAULT NULL,
	"update_time" datetime DEFAULT NULL,
	"update_user_id" int(11) DEFAULT NULL
) ENGINE=InnoDB' in /Users/tobias/Code/phpmysql/yii/framework/db/CDbCommand.php:358
Stack trace:
#0 /Users/tobias/Code/phpmysql/yii/framework/db/CDbCommand.php(1324): CDbCommand->execute()
#1 /Users/tobias/Code/phpmysql/yii/framework/db/CDbMigration.php(233): CDbCommand->createTable('tbl_project', Array, 'ENGINE=InnoDB')
#2 /Users/tobias/Code/phpmysql/Uebungen/Uebung 10/trackstar/protected/migrations/m131118_132702_create_project_table.php(15): CDbMigration->createTable('tbl_project', Array, 'ENGINE=InnoDB')
#3 /Users/tobias/Code/phpmysql/yii/framework/cli/commands/MigrateCommand.php(385): m131118_132702_create_project_table->up()
#4 /Users/tobias/Code/phpmysql/yii/framework/cli/commands/MigrateCommand.php(109): MigrateCommand->migrateUp('m131118_132702_...')
#5 [internal function]: MigrateCommand->actionUp(Array)
#6 /Users/tobias/Code/phpmysql/yii/framework/console/CConsoleCommand.php(172): ReflectionMethod->invokeArgs(Object(MigrateCommand), Array)
#7 /Users/tobias/Code/phpmysql/yii/framework/console/CConsoleCommandRunner.php(71): CConsoleCommand->run(Array)
#8 /Users/tobias/Code/phpmysql/yii/framework/console/CConsoleApplication.php(92): CConsoleCommandRunner->run(Array)
#9 /Users/tobias/Code/phpmysql/yii/framework/base/CApplication.php(180): CConsoleApplication->processRequest()
#10 /Users/tobias/Code/phpmysql/yii/framework/yiic.php(33): CApplication->run()
#11 /Users/tobias/Code/phpmysql/Uebungen/Uebung 10/trackstar/protected/yiic.php(7): require_once('/Users/tobias/C...')
#12 /Users/tobias/Code/phpmysql/Uebungen/Uebung 10/trackstar/protected/yiic(4): require_once('/Users/tobias/C...')
#13 {main}
---
2013/11/18 13:31:10 [error] [system.db.CDbCommand] Error in preparing SQL: CREATE TABLE 'tbl_project' (
	"id" integer PRIMARY KEY AUTOINCREMENT NOT NULL,
	"name" varchar(255) NOT NULL,
	"description" text NOT NULL,
	"create_time" datetime DEFAULT NULL,
	"create_user_id" int(11) DEFAULT NULL,
	"update_time" datetime DEFAULT NULL,
	"update_user_id" int(11) DEFAULT NULL
) ENGINE=InnoDB
2013/11/18 13:31:10 [error] [system.db.CDbCommand] CDbCommand::execute() failed: CDbCommand failed to prepare the SQL statement: SQLSTATE[HY000]: General error: 1 near "ENGINE": syntax error. The SQL statement executed was: CREATE TABLE 'tbl_project' (
	"id" integer PRIMARY KEY AUTOINCREMENT NOT NULL,
	"name" varchar(255) NOT NULL,
	"description" text NOT NULL,
	"create_time" datetime DEFAULT NULL,
	"create_user_id" int(11) DEFAULT NULL,
	"update_time" datetime DEFAULT NULL,
	"update_user_id" int(11) DEFAULT NULL
) ENGINE=InnoDB.
2013/11/18 13:31:10 [error] [exception.CDbException] exception 'CDbException' with message 'CDbCommand failed to execute the SQL statement: CDbCommand failed to prepare the SQL statement: SQLSTATE[HY000]: General error: 1 near "ENGINE": syntax error. The SQL statement executed was: CREATE TABLE 'tbl_project' (
	"id" integer PRIMARY KEY AUTOINCREMENT NOT NULL,
	"name" varchar(255) NOT NULL,
	"description" text NOT NULL,
	"create_time" datetime DEFAULT NULL,
	"create_user_id" int(11) DEFAULT NULL,
	"update_time" datetime DEFAULT NULL,
	"update_user_id" int(11) DEFAULT NULL
) ENGINE=InnoDB' in /Users/tobias/Code/phpmysql/yii/framework/db/CDbCommand.php:358
Stack trace:
#0 /Users/tobias/Code/phpmysql/yii/framework/db/CDbCommand.php(1324): CDbCommand->execute()
#1 /Users/tobias/Code/phpmysql/yii/framework/db/CDbMigration.php(233): CDbCommand->createTable('tbl_project', Array, 'ENGINE=InnoDB')
#2 /Users/tobias/Code/phpmysql/Uebungen/Uebung 10/trackstar/protected/migrations/m131118_132702_create_project_table.php(15): CDbMigration->createTable('tbl_project', Array, 'ENGINE=InnoDB')
#3 /Users/tobias/Code/phpmysql/yii/framework/cli/commands/MigrateCommand.php(385): m131118_132702_create_project_table->up()
#4 /Users/tobias/Code/phpmysql/yii/framework/cli/commands/MigrateCommand.php(109): MigrateCommand->migrateUp('m131118_132702_...')
#5 [internal function]: MigrateCommand->actionUp(Array)
#6 /Users/tobias/Code/phpmysql/yii/framework/console/CConsoleCommand.php(172): ReflectionMethod->invokeArgs(Object(MigrateCommand), Array)
#7 /Users/tobias/Code/phpmysql/yii/framework/console/CConsoleCommandRunner.php(71): CConsoleCommand->run(Array)
#8 /Users/tobias/Code/phpmysql/yii/framework/console/CConsoleApplication.php(92): CConsoleCommandRunner->run(Array)
#9 /Users/tobias/Code/phpmysql/yii/framework/base/CApplication.php(180): CConsoleApplication->processRequest()
#10 /Users/tobias/Code/phpmysql/yii/framework/yiic.php(33): CApplication->run()
#11 /Users/tobias/Code/phpmysql/Uebungen/Uebung 10/trackstar/protected/yiic.php(7): require_once('/Users/tobias/C...')
#12 /Users/tobias/Code/phpmysql/Uebungen/Uebung 10/trackstar/protected/yiic(4): require_once('/Users/tobias/C...')
#13 {main}
---
2013/11/18 13:32:25 [error] [exception.CDbException] exception 'CDbException' with message 'CDbConnection failed to open the DB connection: SQLSTATE[HY000] [2002] No such file or directory' in /Users/tobias/Code/phpmysql/yii/framework/db/CDbConnection.php:382
Stack trace:
#0 /Users/tobias/Code/phpmysql/yii/framework/db/CDbConnection.php(330): CDbConnection->open()
#1 /Users/tobias/Code/phpmysql/yii/framework/db/CDbConnection.php(308): CDbConnection->setActive(true)
#2 /Users/tobias/Code/phpmysql/yii/framework/base/CModule.php(387): CDbConnection->init()
#3 /Users/tobias/Code/phpmysql/yii/framework/cli/commands/MigrateCommand.php(442): CModule->getComponent('db')
#4 /Users/tobias/Code/phpmysql/yii/framework/cli/commands/MigrateCommand.php(451): MigrateCommand->getDbConnection()
#5 /Users/tobias/Code/phpmysql/yii/framework/cli/commands/MigrateCommand.php(482): MigrateCommand->getMigrationHistory(-1)
#6 /Users/tobias/Code/phpmysql/yii/framework/cli/commands/MigrateCommand.php(84): MigrateCommand->getNewMigrations()
#7 [internal function]: MigrateCommand->actionUp(Array)
#8 /Users/tobias/Code/phpmysql/yii/framework/console/CConsoleCommand.php(172): ReflectionMethod->invokeArgs(Object(MigrateCommand), Array)
#9 /Users/tobias/Code/phpmysql/yii/framework/console/CConsoleCommandRunner.php(71): CConsoleCommand->run(Array)
#10 /Users/tobias/Code/phpmysql/yii/framework/console/CConsoleApplication.php(92): CConsoleCommandRunner->run(Array)
#11 /Users/tobias/Code/phpmysql/yii/framework/base/CApplication.php(180): CConsoleApplication->processRequest()
#12 /Users/tobias/Code/phpmysql/yii/framework/yiic.php(33): CApplication->run()
#13 /Users/tobias/Code/phpmysql/Uebungen/Uebung 10/trackstar/protected/yiic.php(7): require_once('/Users/tobias/C...')
#14 /Users/tobias/Code/phpmysql/Uebungen/Uebung 10/trackstar/protected/yiic(4): require_once('/Users/tobias/C...')
#15 {main}
---
2013/11/18 13:32:29 [error] [exception.CDbException] exception 'CDbException' with message 'CDbConnection failed to open the DB connection: SQLSTATE[HY000] [2002] No such file or directory' in /Users/tobias/Code/phpmysql/yii/framework/db/CDbConnection.php:382
Stack trace:
#0 /Users/tobias/Code/phpmysql/yii/framework/db/CDbConnection.php(330): CDbConnection->open()
#1 /Users/tobias/Code/phpmysql/yii/framework/db/CDbConnection.php(308): CDbConnection->setActive(true)
#2 /Users/tobias/Code/phpmysql/yii/framework/base/CModule.php(387): CDbConnection->init()
#3 /Users/tobias/Code/phpmysql/yii/framework/cli/commands/MigrateCommand.php(442): CModule->getComponent('db')
#4 /Users/tobias/Code/phpmysql/yii/framework/cli/commands/MigrateCommand.php(451): MigrateCommand->getDbConnection()
#5 /Users/tobias/Code/phpmysql/yii/framework/cli/commands/MigrateCommand.php(482): MigrateCommand->getMigrationHistory(-1)
#6 /Users/tobias/Code/phpmysql/yii/framework/cli/commands/MigrateCommand.php(84): MigrateCommand->getNewMigrations()
#7 [internal function]: MigrateCommand->actionUp(Array)
#8 /Users/tobias/Code/phpmysql/yii/framework/console/CConsoleCommand.php(172): ReflectionMethod->invokeArgs(Object(MigrateCommand), Array)
#9 /Users/tobias/Code/phpmysql/yii/framework/console/CConsoleCommandRunner.php(71): CConsoleCommand->run(Array)
#10 /Users/tobias/Code/phpmysql/yii/framework/console/CConsoleApplication.php(92): CConsoleCommandRunner->run(Array)
#11 /Users/tobias/Code/phpmysql/yii/framework/base/CApplication.php(180): CConsoleApplication->processRequest()
#12 /Users/tobias/Code/phpmysql/yii/framework/yiic.php(33): CApplication->run()
#13 /Users/tobias/Code/phpmysql/Uebungen/Uebung 10/trackstar/protected/yiic.php(7): require_once('/Users/tobias/C...')
#14 /Users/tobias/Code/phpmysql/Uebungen/Uebung 10/trackstar/protected/yiic(4): require_once('/Users/tobias/C...')
#15 {main}
---
2013/11/18 14:26:46 [error] [exception.CDbException] exception 'CDbException' with message 'CDbConnection failed to open the DB connection: SQLSTATE[HY000] [2002] No such file or directory' in /Users/tobias/Code/phpmysql/yii/framework/db/CDbConnection.php:382
Stack trace:
#0 /Users/tobias/Code/phpmysql/yii/framework/db/CDbConnection.php(330): CDbConnection->open()
#1 /Users/tobias/Code/phpmysql/yii/framework/db/CDbConnection.php(308): CDbConnection->setActive(true)
#2 /Users/tobias/Code/phpmysql/yii/framework/base/CModule.php(387): CDbConnection->init()
#3 /Users/tobias/Code/phpmysql/yii/framework/cli/commands/MigrateCommand.php(442): CModule->getComponent('db')
#4 /Users/tobias/Code/phpmysql/yii/framework/cli/commands/MigrateCommand.php(451): MigrateCommand->getDbConnection()
#5 /Users/tobias/Code/phpmysql/yii/framework/cli/commands/MigrateCommand.php(482): MigrateCommand->getMigrationHistory(-1)
#6 /Users/tobias/Code/phpmysql/yii/framework/cli/commands/MigrateCommand.php(84): MigrateCommand->getNewMigrations()
#7 [internal function]: MigrateCommand->actionUp(Array)
#8 /Users/tobias/Code/phpmysql/yii/framework/console/CConsoleCommand.php(172): ReflectionMethod->invokeArgs(Object(MigrateCommand), Array)
#9 /Users/tobias/Code/phpmysql/yii/framework/console/CConsoleCommandRunner.php(71): CConsoleCommand->run(Array)
#10 /Users/tobias/Code/phpmysql/yii/framework/console/CConsoleApplication.php(92): CConsoleCommandRunner->run(Array)
#11 /Users/tobias/Code/phpmysql/yii/framework/base/CApplication.php(180): CConsoleApplication->processRequest()
#12 /Users/tobias/Code/phpmysql/yii/framework/yiic.php(33): CApplication->run()
#13 /Users/tobias/Code/phpmysql/Uebungen/Uebung 10/trackstar/protected/yiic.php(7): require_once('/Users/tobias/C...')
#14 /Users/tobias/Code/phpmysql/Uebungen/Uebung 10/trackstar/protected/yiic(4): require_once('/Users/tobias/C...')
#15 {main}
---
2013/11/18 14:27:59 [error] [exception.CDbException] exception 'CDbException' with message 'CDbConnection failed to open the DB connection: SQLSTATE[HY000] [2002] No such file or directory' in /Users/tobias/Code/phpmysql/yii/framework/db/CDbConnection.php:382
Stack trace:
#0 /Users/tobias/Code/phpmysql/yii/framework/db/CDbConnection.php(330): CDbConnection->open()
#1 /Users/tobias/Code/phpmysql/yii/framework/db/CDbConnection.php(308): CDbConnection->setActive(true)
#2 /Users/tobias/Code/phpmysql/yii/framework/base/CModule.php(387): CDbConnection->init()
#3 /Users/tobias/Code/phpmysql/yii/framework/cli/commands/MigrateCommand.php(442): CModule->getComponent('db')
#4 /Users/tobias/Code/phpmysql/yii/framework/cli/commands/MigrateCommand.php(451): MigrateCommand->getDbConnection()
#5 /Users/tobias/Code/phpmysql/yii/framework/cli/commands/MigrateCommand.php(482): MigrateCommand->getMigrationHistory(-1)
#6 /Users/tobias/Code/phpmysql/yii/framework/cli/commands/MigrateCommand.php(84): MigrateCommand->getNewMigrations()
#7 [internal function]: MigrateCommand->actionUp(Array)
#8 /Users/tobias/Code/phpmysql/yii/framework/console/CConsoleCommand.php(172): ReflectionMethod->invokeArgs(Object(MigrateCommand), Array)
#9 /Users/tobias/Code/phpmysql/yii/framework/console/CConsoleCommandRunner.php(71): CConsoleCommand->run(Array)
#10 /Users/tobias/Code/phpmysql/yii/framework/console/CConsoleApplication.php(92): CConsoleCommandRunner->run(Array)
#11 /Users/tobias/Code/phpmysql/yii/framework/base/CApplication.php(180): CConsoleApplication->processRequest()
#12 /Users/tobias/Code/phpmysql/yii/framework/yiic.php(33): CApplication->run()
#13 /Users/tobias/Code/phpmysql/Uebungen/Uebung 10/trackstar/protected/yiic.php(7): require_once('/Users/tobias/C...')
#14 /Users/tobias/Code/phpmysql/Uebungen/Uebung 10/trackstar/protected/yiic(4): require_once('/Users/tobias/C...')
#15 {main}
---
2013/11/18 14:30:05 [error] [exception.CDbException] exception 'CDbException' with message 'CDbConnection failed to open the DB connection: SQLSTATE[HY000] [2002] Connection refused' in /Users/tobias/Code/phpmysql/yii/framework/db/CDbConnection.php:382
Stack trace:
#0 /Users/tobias/Code/phpmysql/yii/framework/db/CDbConnection.php(330): CDbConnection->open()
#1 /Users/tobias/Code/phpmysql/yii/framework/db/CDbConnection.php(308): CDbConnection->setActive(true)
#2 /Users/tobias/Code/phpmysql/yii/framework/base/CModule.php(387): CDbConnection->init()
#3 /Users/tobias/Code/phpmysql/yii/framework/cli/commands/MigrateCommand.php(442): CModule->getComponent('db')
#4 /Users/tobias/Code/phpmysql/yii/framework/cli/commands/MigrateCommand.php(451): MigrateCommand->getDbConnection()
#5 /Users/tobias/Code/phpmysql/yii/framework/cli/commands/MigrateCommand.php(482): MigrateCommand->getMigrationHistory(-1)
#6 /Users/tobias/Code/phpmysql/yii/framework/cli/commands/MigrateCommand.php(84): MigrateCommand->getNewMigrations()
#7 [internal function]: MigrateCommand->actionUp(Array)
#8 /Users/tobias/Code/phpmysql/yii/framework/console/CConsoleCommand.php(172): ReflectionMethod->invokeArgs(Object(MigrateCommand), Array)
#9 /Users/tobias/Code/phpmysql/yii/framework/console/CConsoleCommandRunner.php(71): CConsoleCommand->run(Array)
#10 /Users/tobias/Code/phpmysql/yii/framework/console/CConsoleApplication.php(92): CConsoleCommandRunner->run(Array)
#11 /Users/tobias/Code/phpmysql/yii/framework/base/CApplication.php(180): CConsoleApplication->processRequest()
#12 /Users/tobias/Code/phpmysql/yii/framework/yiic.php(33): CApplication->run()
#13 /Users/tobias/Code/phpmysql/Uebungen/Uebung 10/trackstar/protected/yiic.php(7): require_once('/Users/tobias/C...')
#14 /Users/tobias/Code/phpmysql/Uebungen/Uebung 10/trackstar/protected/yiic(4): require_once('/Users/tobias/C...')
#15 {main}
---
2013/11/18 14:31:39 [error] [exception.CDbException] exception 'CDbException' with message 'CDbConnection failed to open the DB connection: SQLSTATE[HY000] [2002] Connection refused' in /Users/tobias/Code/phpmysql/yii/framework/db/CDbConnection.php:382
Stack trace:
#0 /Users/tobias/Code/phpmysql/yii/framework/db/CDbConnection.php(330): CDbConnection->open()
#1 /Users/tobias/Code/phpmysql/yii/framework/db/CDbConnection.php(308): CDbConnection->setActive(true)
#2 /Users/tobias/Code/phpmysql/yii/framework/base/CModule.php(387): CDbConnection->init()
#3 /Users/tobias/Code/phpmysql/yii/framework/cli/commands/MigrateCommand.php(442): CModule->getComponent('db')
#4 /Users/tobias/Code/phpmysql/yii/framework/cli/commands/MigrateCommand.php(451): MigrateCommand->getDbConnection()
#5 /Users/tobias/Code/phpmysql/yii/framework/cli/commands/MigrateCommand.php(482): MigrateCommand->getMigrationHistory(-1)
#6 /Users/tobias/Code/phpmysql/yii/framework/cli/commands/MigrateCommand.php(84): MigrateCommand->getNewMigrations()
#7 [internal function]: MigrateCommand->actionUp(Array)
#8 /Users/tobias/Code/phpmysql/yii/framework/console/CConsoleCommand.php(172): ReflectionMethod->invokeArgs(Object(MigrateCommand), Array)
#9 /Users/tobias/Code/phpmysql/yii/framework/console/CConsoleCommandRunner.php(71): CConsoleCommand->run(Array)
#10 /Users/tobias/Code/phpmysql/yii/framework/console/CConsoleApplication.php(92): CConsoleCommandRunner->run(Array)
#11 /Users/tobias/Code/phpmysql/yii/framework/base/CApplication.php(180): CConsoleApplication->processRequest()
#12 /Users/tobias/Code/phpmysql/yii/framework/yiic.php(33): CApplication->run()
#13 /Users/tobias/Code/phpmysql/Uebungen/Uebung 10/trackstar/protected/yiic.php(7): require_once('/Users/tobias/C...')
#14 /Users/tobias/Code/phpmysql/Uebungen/Uebung 10/trackstar/protected/yiic(4): require_once('/Users/tobias/C...')
#15 {main}
---
2013/11/18 14:31:44 [error] [exception.CDbException] exception 'CDbException' with message 'CDbConnection failed to open the DB connection: SQLSTATE[HY000] [2002] Connection refused' in /Users/tobias/Code/phpmysql/yii/framework/db/CDbConnection.php:382
Stack trace:
#0 /Users/tobias/Code/phpmysql/yii/framework/db/CDbConnection.php(330): CDbConnection->open()
#1 /Users/tobias/Code/phpmysql/yii/framework/db/CDbConnection.php(308): CDbConnection->setActive(true)
#2 /Users/tobias/Code/phpmysql/yii/framework/base/CModule.php(387): CDbConnection->init()
#3 /Users/tobias/Code/phpmysql/yii/framework/cli/commands/MigrateCommand.php(442): CModule->getComponent('db')
#4 /Users/tobias/Code/phpmysql/yii/framework/cli/commands/MigrateCommand.php(451): MigrateCommand->getDbConnection()
#5 /Users/tobias/Code/phpmysql/yii/framework/cli/commands/MigrateCommand.php(482): MigrateCommand->getMigrationHistory(-1)
#6 /Users/tobias/Code/phpmysql/yii/framework/cli/commands/MigrateCommand.php(84): MigrateCommand->getNewMigrations()
#7 [internal function]: MigrateCommand->actionUp(Array)
#8 /Users/tobias/Code/phpmysql/yii/framework/console/CConsoleCommand.php(172): ReflectionMethod->invokeArgs(Object(MigrateCommand), Array)
#9 /Users/tobias/Code/phpmysql/yii/framework/console/CConsoleCommandRunner.php(71): CConsoleCommand->run(Array)
#10 /Users/tobias/Code/phpmysql/yii/framework/console/CConsoleApplication.php(92): CConsoleCommandRunner->run(Array)
#11 /Users/tobias/Code/phpmysql/yii/framework/base/CApplication.php(180): CConsoleApplication->processRequest()
#12 /Users/tobias/Code/phpmysql/yii/framework/yiic.php(33): CApplication->run()
#13 /Users/tobias/Code/phpmysql/Uebungen/Uebung 10/trackstar/protected/yiic.php(7): require_once('/Users/tobias/C...')
#14 /Users/tobias/Code/phpmysql/Uebungen/Uebung 10/trackstar/protected/yiic(4): require_once('/Users/tobias/C...')
#15 {main}
---
2013/11/18 16:02:02 [error] [php] strpos() expects parameter 1 to be string, array given (/var/www/yii/framework/gii/GiiModule.php:195)
Stack trace:
#0 /var/www/yii/framework/web/CController.php(263): GiiModule->beforeControllerAction()
#1 /var/www/yii/framework/web/CWebApplication.php(282): DefaultController->run()
#2 /var/www/yii/framework/web/CWebApplication.php(141): CWebApplication->runController()
#3 /var/www/yii/framework/base/CApplication.php(180): CWebApplication->processRequest()
#4 /var/www/Uebungen/Uebung 10/trackstar/index.php(13): CWebApplication->run()
REQUEST_URI=/Uebungen/Uebung%2010/trackstar/index.php?r=gii
in /var/www/Uebungen/Uebung 10/trackstar/index.php (13)
2013/11/18 16:03:21 [error] [php] strpos() expects parameter 1 to be string, array given (/var/www/yii/framework/gii/GiiModule.php:195)
Stack trace:
#0 /var/www/yii/framework/web/CController.php(263): GiiModule->beforeControllerAction()
#1 /var/www/yii/framework/web/CWebApplication.php(282): DefaultController->run()
#2 /var/www/yii/framework/web/CWebApplication.php(141): CWebApplication->runController()
#3 /var/www/yii/framework/base/CApplication.php(180): CWebApplication->processRequest()
#4 /var/www/Uebungen/Uebung 10/trackstar/index.php(13): CWebApplication->run()
REQUEST_URI=/Uebungen/Uebung%2010/trackstar/index.php?r=gii
in /var/www/Uebungen/Uebung 10/trackstar/index.php (13)
2013/11/18 16:03:22 [error] [php] strpos() expects parameter 1 to be string, array given (/var/www/yii/framework/gii/GiiModule.php:195)
Stack trace:
#0 /var/www/yii/framework/web/CController.php(263): GiiModule->beforeControllerAction()
#1 /var/www/yii/framework/web/CWebApplication.php(282): DefaultController->run()
#2 /var/www/yii/framework/web/CWebApplication.php(141): CWebApplication->runController()
#3 /var/www/yii/framework/base/CApplication.php(180): CWebApplication->processRequest()
#4 /var/www/Uebungen/Uebung 10/trackstar/index.php(13): CWebApplication->run()
REQUEST_URI=/Uebungen/Uebung%2010/trackstar/index.php?r=gii
in /var/www/Uebungen/Uebung 10/trackstar/index.php (13)
2013/11/18 16:03:59 [error] [php] strpos() expects parameter 1 to be string, array given (/var/www/yii/framework/gii/GiiModule.php:195)
Stack trace:
#0 /var/www/yii/framework/web/CController.php(263): GiiModule->beforeControllerAction()
#1 /var/www/yii/framework/web/CWebApplication.php(282): DefaultController->run()
#2 /var/www/yii/framework/web/CWebApplication.php(141): CWebApplication->runController()
#3 /var/www/yii/framework/base/CApplication.php(180): CWebApplication->processRequest()
#4 /var/www/Uebungen/Uebung 10/trackstar/index.php(13): CWebApplication->run()
REQUEST_URI=/Uebungen/Uebung%2010/trackstar/index.php?r=gii
in /var/www/Uebungen/Uebung 10/trackstar/index.php (13)
2013/11/18 16:06:57 [error] [exception.CHttpException.403] exception 'CHttpException' with message 'You are not allowed to access this page.' in /var/www/yii/framework/gii/GiiModule.php:170
Stack trace:
#0 /var/www/yii/framework/web/CController.php(263): GiiModule->beforeControllerAction(Object(DefaultController), Object(CInlineAction))
#1 /var/www/yii/framework/web/CWebApplication.php(282): CController->run('')
#2 /var/www/yii/framework/web/CWebApplication.php(141): CWebApplication->runController('gii')
#3 /var/www/yii/framework/base/CApplication.php(180): CWebApplication->processRequest()
#4 /var/www/Uebungen/Uebung 10/trackstar/index.php(13): CApplication->run()
#5 {main}
REQUEST_URI=/Uebungen/Uebung%2010/trackstar/index.php?r=gii
---
2013/11/18 16:07:53 [error] [exception.CHttpException.403] exception 'CHttpException' with message 'You are not allowed to access this page.' in /var/www/yii/framework/gii/GiiModule.php:170
Stack trace:
#0 /var/www/yii/framework/web/CController.php(263): GiiModule->beforeControllerAction(Object(DefaultController), Object(CInlineAction))
#1 /var/www/yii/framework/web/CWebApplication.php(282): CController->run('')
#2 /var/www/yii/framework/web/CWebApplication.php(141): CWebApplication->runController('gii')
#3 /var/www/yii/framework/base/CApplication.php(180): CWebApplication->processRequest()
#4 /var/www/Uebungen/Uebung 10/trackstar/index.php(13): CApplication->run()
#5 {main}
REQUEST_URI=/Uebungen/Uebung%2010/trackstar/index.php?r=gii
---
2013/11/18 16:08:04 [error] [exception.CHttpException.403] exception 'CHttpException' with message 'You are not allowed to access this page.' in /var/www/yii/framework/gii/GiiModule.php:170
Stack trace:
#0 /var/www/yii/framework/web/CController.php(263): GiiModule->beforeControllerAction(Object(DefaultController), Object(CInlineAction))
#1 /var/www/yii/framework/web/CWebApplication.php(282): CController->run('')
#2 /var/www/yii/framework/web/CWebApplication.php(141): CWebApplication->runController('gii')
#3 /var/www/yii/framework/base/CApplication.php(180): CWebApplication->processRequest()
#4 /var/www/Uebungen/Uebung 10/trackstar/index.php(13): CApplication->run()
#5 {main}
REQUEST_URI=/Uebungen/Uebung%2010/trackstar/index.php?r=gii
---
2013/11/18 16:08:15 [error] [exception.CHttpException.403] exception 'CHttpException' with message 'You are not allowed to access this page.' in /var/www/yii/framework/gii/GiiModule.php:170
Stack trace:
#0 /var/www/yii/framework/web/CController.php(263): GiiModule->beforeControllerAction(Object(DefaultController), Object(CInlineAction))
#1 /var/www/yii/framework/web/CWebApplication.php(282): CController->run('')
#2 /var/www/yii/framework/web/CWebApplication.php(141): CWebApplication->runController('gii')
#3 /var/www/yii/framework/base/CApplication.php(180): CWebApplication->processRequest()
#4 /var/www/Uebungen/Uebung 10/trackstar/index.php(13): CApplication->run()
#5 {main}
REQUEST_URI=/Uebungen/Uebung%2010/trackstar/index.php?r=gii
---
2013/11/18 17:31:07 [error] [exception.CHttpException.403] exception 'CHttpException' with message 'You are not authorized to perform this action.' in /var/www/yii/framework/web/auth/CAccessControlFilter.php:182
Stack trace:
#0 /var/www/yii/framework/web/auth/CAccessControlFilter.php(145): CAccessControlFilter->accessDenied(Object(CWebUser), 'You are not aut...')
#1 /var/www/yii/framework/web/filters/CFilter.php(38): CAccessControlFilter->preFilter(Object(CFilterChain))
#2 /var/www/yii/framework/web/CController.php(1145): CFilter->filter(Object(CFilterChain))
#3 /var/www/yii/framework/web/filters/CInlineFilter.php(58): CController->filterAccessControl(Object(CFilterChain))
#4 /var/www/yii/framework/web/filters/CFilterChain.php(130): CInlineFilter->filter(Object(CFilterChain))
#5 /var/www/yii/framework/web/CController.php(291): CFilterChain->run()
#6 /var/www/yii/framework/web/CController.php(265): CController->runActionWithFilters(Object(CInlineAction), Array)
#7 /var/www/yii/framework/web/CWebApplication.php(282): CController->run('admin')
#8 /var/www/yii/framework/web/CWebApplication.php(141): CWebApplication->runController('project/admin')
#9 /var/www/yii/framework/base/CApplication.php(180): CWebApplication->processRequest()
#10 /var/www/Uebungen/Uebung 10/trackstar/index.php(13): CApplication->run()
#11 {main}
REQUEST_URI=/Uebungen/Uebung%2010/trackstar/index.php?r=project/admin
HTTP_REFERER=http://webdev/Uebungen/Uebung%2010/trackstar/index.php?r=project/index
---
2013/11/18 17:50:32 [error] [system.db.CDbCommand] CDbCommand::fetchAll() failed: SQLSTATE[42S02]: Base table or view not found: 1146 Table 'trackstar_dev.tbl_migration' doesn't exist. The SQL statement executed was: SHOW FULL COLUMNS FROM `tbl_migration`.
