2013/11/26 20:00:38 [error] [exception.CHttpException.404] exception 'CHttpException' with message 'Unable to resolve the request "gii".' in /var/www/web/yii/framework/web/CWebApplication.php:286
Stack trace:
#0 /var/www/web/yii/framework/web/CWebApplication.php(141): CWebApplication->runController('gii')
#1 /var/www/web/yii/framework/base/CApplication.php(180): CWebApplication->processRequest()
#2 /var/www/web/Uebungen/Veranstaltung12/api/index.php(13): CApplication->run()
#3 {main}
REQUEST_URI=/web/Uebungen/Veranstaltung12/api/index.php?r=gii
---
2013/11/26 20:36:58 [error] [exception.CDbException] exception 'CDbException' with message 'CDbConnection failed to open the DB connection: SQLSTATE[HY000] [1045] Access denied for user 'tvdb_user '@'localhost' (using password: YES)' in /var/www/web/yii/framework/db/CDbConnection.php:382
Stack trace:
#0 /var/www/web/yii/framework/db/CDbConnection.php(330): CDbConnection->open()
#1 /var/www/web/yii/framework/db/CDbConnection.php(308): CDbConnection->setActive(true)
#2 /var/www/web/yii/framework/base/CModule.php(387): CDbConnection->init()
#3 /var/www/web/yii/framework/base/CModule.php(103): CModule->getComponent('db')
#4 /var/www/web/yii/framework/gii/generators/model/ModelCode.php(60): CModule->__get('db')
#5 /var/www/web/yii/framework/web/CFormModel.php(39): ModelCode->init()
#6 /var/www/web/yii/framework/gii/CCodeGenerator.php(153): CFormModel->__construct()
#7 /var/www/web/yii/framework/gii/CCodeGenerator.php(63): CCodeGenerator->prepare()
#8 /var/www/web/yii/framework/web/actions/CInlineAction.php(49): CCodeGenerator->actionIndex()
#9 /var/www/web/yii/framework/web/CController.php(308): CInlineAction->runWithParams(Array)
#10 /var/www/web/yii/framework/web/CController.php(286): CController->runAction(Object(CInlineAction))
#11 /var/www/web/yii/framework/web/CController.php(265): CController->runActionWithFilters(Object(CInlineAction), Array)
#12 /var/www/web/yii/framework/web/CWebApplication.php(282): CController->run('index')
#13 /var/www/web/yii/framework/web/CWebApplication.php(141): CWebApplication->runController('gii/model/index')
#14 /var/www/web/yii/framework/base/CApplication.php(180): CWebApplication->processRequest()
#15 /var/www/web/Uebungen/Veranstaltung12/api/index.php(13): CApplication->run()
#16 {main}
REQUEST_URI=/web/Uebungen/Veranstaltung12/api/index.php?r=gii/model/index
HTTP_REFERER=http://webdev/web/Uebungen/Veranstaltung12/api/index.php?r=gii
---
2013/11/26 20:50:45 [error] [exception.CHttpException.404] exception 'CHttpException' with message 'The system is unable to find the requested action "breakingBad".' in /var/www/web/yii/framework/web/CController.php:483
Stack trace:
#0 /var/www/web/yii/framework/web/CController.php(270): CController->missingAction('breakingBad')
#1 /var/www/web/yii/framework/web/CWebApplication.php(282): CController->run('breakingBad')
#2 /var/www/web/yii/framework/web/CWebApplication.php(141): CWebApplication->runController('site/breakingBa...')
#3 /var/www/web/yii/framework/base/CApplication.php(180): CWebApplication->processRequest()
#4 /var/www/web/Uebungen/Veranstaltung12/api/index.php(13): CApplication->run()
#5 {main}
REQUEST_URI=/web/Uebungen/Veranstaltung12/api/index.php?r=site/breakingBad
---
2013/11/26 20:56:30 [error] [php] Undefined variable: content (/var/www/web/Uebungen/Veranstaltung12/api/protected/views/breakingBad/index.php:4)
Stack trace:
#0 /var/www/web/yii/framework/web/CController.php(869): BreakingBadController->renderFile()
#1 /var/www/web/yii/framework/web/CController.php(782): BreakingBadController->renderPartial()
#2 /var/www/web/Uebungen/Veranstaltung12/api/protected/controllers/BreakingBadController.php(7): BreakingBadController->render()
#3 /var/www/web/yii/framework/web/actions/CInlineAction.php(49): BreakingBadController->actionIndex()
#4 /var/www/web/yii/framework/web/CController.php(308): CInlineAction->runWithParams()
#5 /var/www/web/yii/framework/web/CController.php(286): BreakingBadController->runAction()
#6 /var/www/web/yii/framework/web/CController.php(265): BreakingBadController->runActionWithFilters()
#7 /var/www/web/yii/framework/web/CWebApplication.php(282): BreakingBadController->run()
#8 /var/www/web/yii/framework/web/CWebApplication.php(141): CWebApplication->runController()
#9 /var/www/web/yii/framework/base/CApplication.php(180): CWebApplication->processRequest()
#10 /var/www/web/Uebungen/Veranstaltung12/api/index.php(13): CWebApplication->run()
REQUEST_URI=/web/Uebungen/Veranstaltung12/api/index.php?r=breakingBad
in /var/www/web/Uebungen/Veranstaltung12/api/protected/views/breakingBad/index.php (4)
in /var/www/web/Uebungen/Veranstaltung12/api/protected/controllers/BreakingBadController.php (7)
in /var/www/web/Uebungen/Veranstaltung12/api/index.php (13)
2013/11/26 21:03:05 [error] [exception.CHttpException.403] exception 'CHttpException' with message 'You are not authorized to perform this action.' in /var/www/web/yii/framework/web/auth/CAccessControlFilter.php:182
Stack trace:
#0 /var/www/web/yii/framework/web/auth/CAccessControlFilter.php(145): CAccessControlFilter->accessDenied(Object(CWebUser), 'You are not aut...')
#1 /var/www/web/yii/framework/web/filters/CFilter.php(38): CAccessControlFilter->preFilter(Object(CFilterChain))
#2 /var/www/web/yii/framework/web/CController.php(1145): CFilter->filter(Object(CFilterChain))
#3 /var/www/web/yii/framework/web/filters/CInlineFilter.php(58): CController->filterAccessControl(Object(CFilterChain))
#4 /var/www/web/yii/framework/web/filters/CFilterChain.php(130): CInlineFilter->filter(Object(CFilterChain))
#5 /var/www/web/yii/framework/web/CController.php(291): CFilterChain->run()
#6 /var/www/web/yii/framework/web/CController.php(265): CController->runActionWithFilters(Object(CInlineAction), Array)
#7 /var/www/web/yii/framework/web/CWebApplication.php(282): CController->run('admin')
#8 /var/www/web/yii/framework/web/CWebApplication.php(141): CWebApplication->runController('episode/admin')
#9 /var/www/web/yii/framework/base/CApplication.php(180): CWebApplication->processRequest()
#10 /var/www/web/Uebungen/Veranstaltung12/api/index.php(13): CApplication->run()
#11 {main}
REQUEST_URI=/web/Uebungen/Veranstaltung12/api/index.php?r=episode/admin
HTTP_REFERER=http://webdev/web/Uebungen/Veranstaltung12/api/index.php?r=site/login
---
2013/11/26 21:03:09 [error] [exception.CHttpException.403] exception 'CHttpException' with message 'You are not authorized to perform this action.' in /var/www/web/yii/framework/web/auth/CAccessControlFilter.php:182
Stack trace:
#0 /var/www/web/yii/framework/web/auth/CAccessControlFilter.php(145): CAccessControlFilter->accessDenied(Object(CWebUser), 'You are not aut...')
#1 /var/www/web/yii/framework/web/filters/CFilter.php(38): CAccessControlFilter->preFilter(Object(CFilterChain))
#2 /var/www/web/yii/framework/web/CController.php(1145): CFilter->filter(Object(CFilterChain))
#3 /var/www/web/yii/framework/web/filters/CInlineFilter.php(58): CController->filterAccessControl(Object(CFilterChain))
#4 /var/www/web/yii/framework/web/filters/CFilterChain.php(130): CInlineFilter->filter(Object(CFilterChain))
#5 /var/www/web/yii/framework/web/CController.php(291): CFilterChain->run()
#6 /var/www/web/yii/framework/web/CController.php(265): CController->runActionWithFilters(Object(CInlineAction), Array)
#7 /var/www/web/yii/framework/web/CWebApplication.php(282): CController->run('admin')
#8 /var/www/web/yii/framework/web/CWebApplication.php(141): CWebApplication->runController('episode/admin')
#9 /var/www/web/yii/framework/base/CApplication.php(180): CWebApplication->processRequest()
#10 /var/www/web/Uebungen/Veranstaltung12/api/index.php(13): CApplication->run()
#11 {main}
REQUEST_URI=/web/Uebungen/Veranstaltung12/api/index.php?r=episode/admin
---
2013/11/26 21:04:09 [error] [exception.CException] exception 'CException' with message 'The attribute must be specified in the format of "Name:Type:Label", where "Type" and "Label" are optional.' in /var/www/web/yii/framework/zii/widgets/CDetailView.php:183
Stack trace:
#0 /var/www/web/yii/framework/web/CBaseController.php(173): CDetailView->run()
#1 /var/www/web/Uebungen/Veranstaltung12/api/protected/views/episode/view.php(35): CBaseController->widget('zii.widgets.CDe...', Array)
#2 /var/www/web/yii/framework/web/CBaseController.php(126): require('/var/www/web/Ue...')
#3 /var/www/web/yii/framework/web/CBaseController.php(95): CBaseController->renderInternal('/var/www/web/Ue...', Array, true)
#4 /var/www/web/yii/framework/web/CController.php(869): CBaseController->renderFile('/var/www/web/Ue...', Array, true)
#5 /var/www/web/yii/framework/web/CController.php(782): CController->renderPartial('view', Array, true)
#6 /var/www/web/Uebungen/Veranstaltung12/api/protected/controllers/EpisodeController.php(56): CController->render('view', Array)
#7 [internal function]: EpisodeController->actionView('8')
#8 /var/www/web/yii/framework/web/actions/CAction.php(108): ReflectionMethod->invokeArgs(Object(EpisodeController), Array)
#9 /var/www/web/yii/framework/web/actions/CInlineAction.php(47): CAction->runWithParamsInternal(Object(EpisodeController), Object(ReflectionMethod), Array)
#10 /var/www/web/yii/framework/web/CController.php(308): CInlineAction->runWithParams(Array)
#11 /var/www/web/yii/framework/web/filters/CFilterChain.php(133): CController->runAction(Object(CInlineAction))
#12 /var/www/web/yii/framework/web/filters/CFilter.php(40): CFilterChain->run()
#13 /var/www/web/yii/framework/web/CController.php(1145): CFilter->filter(Object(CFilterChain))
#14 /var/www/web/yii/framework/web/filters/CInlineFilter.php(58): CController->filterAccessControl(Object(CFilterChain))
#15 /var/www/web/yii/framework/web/filters/CFilterChain.php(130): CInlineFilter->filter(Object(CFilterChain))
#16 /var/www/web/yii/framework/web/CController.php(291): CFilterChain->run()
#17 /var/www/web/yii/framework/web/CController.php(265): CController->runActionWithFilters(Object(CInlineAction), Array)
#18 /var/www/web/yii/framework/web/CWebApplication.php(282): CController->run('view')
#19 /var/www/web/yii/framework/web/CWebApplication.php(141): CWebApplication->runController('episode/view')
#20 /var/www/web/yii/framework/base/CApplication.php(180): CWebApplication->processRequest()
#21 /var/www/web/Uebungen/Veranstaltung12/api/index.php(13): CApplication->run()
#22 {main}
REQUEST_URI=/web/Uebungen/Veranstaltung12/api/index.php?r=episode/view&id=8
HTTP_REFERER=http://webdev/web/Uebungen/Veranstaltung12/api/index.php?r=episode
---
2013/11/26 21:04:23 [error] [exception.CHttpException.403] exception 'CHttpException' with message 'You are not authorized to perform this action.' in /var/www/web/yii/framework/web/auth/CAccessControlFilter.php:182
Stack trace:
#0 /var/www/web/yii/framework/web/auth/CAccessControlFilter.php(145): CAccessControlFilter->accessDenied(Object(CWebUser), 'You are not aut...')
#1 /var/www/web/yii/framework/web/filters/CFilter.php(38): CAccessControlFilter->preFilter(Object(CFilterChain))
#2 /var/www/web/yii/framework/web/CController.php(1145): CFilter->filter(Object(CFilterChain))
#3 /var/www/web/yii/framework/web/filters/CInlineFilter.php(58): CController->filterAccessControl(Object(CFilterChain))
#4 /var/www/web/yii/framework/web/filters/CFilterChain.php(130): CInlineFilter->filter(Object(CFilterChain))
#5 /var/www/web/yii/framework/web/CController.php(291): CFilterChain->run()
#6 /var/www/web/yii/framework/web/CController.php(265): CController->runActionWithFilters(Object(CInlineAction), Array)
#7 /var/www/web/yii/framework/web/CWebApplication.php(282): CController->run('admin')
#8 /var/www/web/yii/framework/web/CWebApplication.php(141): CWebApplication->runController('episode/admin')
#9 /var/www/web/yii/framework/base/CApplication.php(180): CWebApplication->processRequest()
#10 /var/www/web/Uebungen/Veranstaltung12/api/index.php(13): CApplication->run()
#11 {main}
REQUEST_URI=/web/Uebungen/Veranstaltung12/api/index.php?r=episode/admin
HTTP_REFERER=http://webdev/web/Uebungen/Veranstaltung12/api/index.php?r=episode
---
2013/11/26 21:06:18 [error] [exception.CException] exception 'CException' with message 'The column must be specified in the format of "Name:Type:Label", where "Type" and "Label" are optional.' in /var/www/web/yii/framework/zii/widgets/grid/CGridView.php:412
Stack trace:
#0 /var/www/web/yii/framework/zii/widgets/grid/CGridView.php(383): CGridView->createDataColumn('ORIGINAL??TITEL')
#1 /var/www/web/yii/framework/zii/widgets/grid/CGridView.php(359): CGridView->initColumns()
#2 /var/www/web/yii/framework/web/CBaseController.php(147): CGridView->init()
#3 /var/www/web/yii/framework/web/CBaseController.php(172): CBaseController->createWidget('zii.widgets.gri...', Array)
#4 /var/www/web/Uebungen/Veranstaltung12/api/protected/views/episode/admin.php(64): CBaseController->widget('zii.widgets.gri...', Array)
#5 /var/www/web/yii/framework/web/CBaseController.php(126): require('/var/www/web/Ue...')
#6 /var/www/web/yii/framework/web/CBaseController.php(95): CBaseController->renderInternal('/var/www/web/Ue...', Array, true)
#7 /var/www/web/yii/framework/web/CController.php(869): CBaseController->renderFile('/var/www/web/Ue...', Array, true)
#8 /var/www/web/yii/framework/web/CController.php(782): CController->renderPartial('admin', Array, true)
#9 /var/www/web/Uebungen/Veranstaltung12/api/protected/controllers/EpisodeController.php(143): CController->render('admin', Array)
#10 /var/www/web/yii/framework/web/actions/CInlineAction.php(49): EpisodeController->actionAdmin()
#11 /var/www/web/yii/framework/web/CController.php(308): CInlineAction->runWithParams(Array)
#12 /var/www/web/yii/framework/web/filters/CFilterChain.php(133): CController->runAction(Object(CInlineAction))
#13 /var/www/web/yii/framework/web/filters/CFilter.php(40): CFilterChain->run()
#14 /var/www/web/yii/framework/web/CController.php(1145): CFilter->filter(Object(CFilterChain))
#15 /var/www/web/yii/framework/web/filters/CInlineFilter.php(58): CController->filterAccessControl(Object(CFilterChain))
#16 /var/www/web/yii/framework/web/filters/CFilterChain.php(130): CInlineFilter->filter(Object(CFilterChain))
#17 /var/www/web/yii/framework/web/CController.php(291): CFilterChain->run()
#18 /var/www/web/yii/framework/web/CController.php(265): CController->runActionWithFilters(Object(CInlineAction), Array)
#19 /var/www/web/yii/framework/web/CWebApplication.php(282): CController->run('admin')
#20 /var/www/web/yii/framework/web/CWebApplication.php(141): CWebApplication->runController('episode/admin')
#21 /var/www/web/yii/framework/base/CApplication.php(180): CWebApplication->processRequest()
#22 /var/www/web/Uebungen/Veranstaltung12/api/index.php(13): CApplication->run()
#23 {main}
REQUEST_URI=/web/Uebungen/Veranstaltung12/api/index.php?r=episode/admin
HTTP_REFERER=http://webdev/web/Uebungen/Veranstaltung12/api/index.php?r=episode
---
2013/11/26 21:06:31 [error] [exception.CException] exception 'CException' with message 'The attribute must be specified in the format of "Name:Type:Label", where "Type" and "Label" are optional.' in /var/www/web/yii/framework/zii/widgets/CDetailView.php:183
Stack trace:
#0 /var/www/web/yii/framework/web/CBaseController.php(173): CDetailView->run()
#1 /var/www/web/Uebungen/Veranstaltung12/api/protected/views/episode/view.php(35): CBaseController->widget('zii.widgets.CDe...', Array)
#2 /var/www/web/yii/framework/web/CBaseController.php(126): require('/var/www/web/Ue...')
#3 /var/www/web/yii/framework/web/CBaseController.php(95): CBaseController->renderInternal('/var/www/web/Ue...', Array, true)
#4 /var/www/web/yii/framework/web/CController.php(869): CBaseController->renderFile('/var/www/web/Ue...', Array, true)
#5 /var/www/web/yii/framework/web/CController.php(782): CController->renderPartial('view', Array, true)
#6 /var/www/web/Uebungen/Veranstaltung12/api/protected/controllers/EpisodeController.php(56): CController->render('view', Array)
#7 [internal function]: EpisodeController->actionView('8')
#8 /var/www/web/yii/framework/web/actions/CAction.php(108): ReflectionMethod->invokeArgs(Object(EpisodeController), Array)
#9 /var/www/web/yii/framework/web/actions/CInlineAction.php(47): CAction->runWithParamsInternal(Object(EpisodeController), Object(ReflectionMethod), Array)
#10 /var/www/web/yii/framework/web/CController.php(308): CInlineAction->runWithParams(Array)
#11 /var/www/web/yii/framework/web/filters/CFilterChain.php(133): CController->runAction(Object(CInlineAction))
#12 /var/www/web/yii/framework/web/filters/CFilter.php(40): CFilterChain->run()
#13 /var/www/web/yii/framework/web/CController.php(1145): CFilter->filter(Object(CFilterChain))
#14 /var/www/web/yii/framework/web/filters/CInlineFilter.php(58): CController->filterAccessControl(Object(CFilterChain))
#15 /var/www/web/yii/framework/web/filters/CFilterChain.php(130): CInlineFilter->filter(Object(CFilterChain))
#16 /var/www/web/yii/framework/web/CController.php(291): CFilterChain->run()
#17 /var/www/web/yii/framework/web/CController.php(265): CController->runActionWithFilters(Object(CInlineAction), Array)
#18 /var/www/web/yii/framework/web/CWebApplication.php(282): CController->run('view')
#19 /var/www/web/yii/framework/web/CWebApplication.php(141): CWebApplication->runController('episode/view')
#20 /var/www/web/yii/framework/base/CApplication.php(180): CWebApplication->processRequest()
#21 /var/www/web/Uebungen/Veranstaltung12/api/index.php(13): CApplication->run()
#22 {main}
REQUEST_URI=/web/Uebungen/Veranstaltung12/api/index.php?r=episode/view&id=8
HTTP_REFERER=http://webdev/web/Uebungen/Veranstaltung12/api/index.php?r=episode/index
---
